{
  "id": 1,
  "timestamp": "2025-08-04T10:58:08.652Z",
  "sender": "200.10.4.74",
  "port": 3366,
  "trapInfo": {
    "version": 1,
    "community": "public",
    "pduType": 167,
    "varbinds": [
      {
        "oid": "1.3.6.1.2.1.1.3.0",
        "value": "3075b64c"
      },
      {
        "oid": "1.3.6.1.6.3.1.1.4.1.0",
        "value": "2b0601060301010501"
      }
    ]
  },
  "alert": {
    "alertType": "UNKNOWN",
    "severity": "INFO",
    "description": "Trap UPS genérico",
    "details": [
      {
        "oid": "1.3.6.1.2.1.1.3.0",
        "name": "1.3.6.1.2.1.1.3.0",
        "value": "3075b64c",
        "interpreted": "3075b64c"
      },
      {
        "oid": "1.3.6.1.6.3.1.1.4.1.0",
        "name": "1.3.6.1.6.3.1.1.4.1.0",
        "value": "2b0601060301010501",
        "interpreted": "2b0601060301010501"
      }
    ]
  },
  "hex": "304302010104067075626c6963a736020100020100020100302b301006082b0601020101030043043075b64c3017060a2b06010603010104010006092b0601060301010501"
}

{
  "id": 1,
  "timestamp": "2025-08-04T11:03:50.309Z",
  "sender": "200.10.4.74",
  "port": 3366,
  "trapInfo": {
    "version": 1,
    "community": "public",
    "pduType": 167,
    "varbinds": [
      {
        "oid": "1.3.6.1.2.1.1.3.0",
        "value": "30763b80"
      },
      {
        "oid": "1.3.6.1.6.3.1.1.4.1.0",
        "value": "2b0601060301010501"
      }
    ]
  },
  "alert": {
    "alertType": "UNKNOWN",
    "severity": "INFO",
    "description": "✅ No-break status OK - trap genérico recebido sem alertas",
    "details": [
      {
        "oid": "1.3.6.1.2.1.1.3.0",
        "name": "1.3.6.1.2.1.1.3.0",
        "value": "30763b80",
        "interpreted": "30763b80"
      },
      {
        "oid": "1.3.6.1.6.3.1.1.4.1.0",
        "name": "1.3.6.1.6.3.1.1.4.1.0",
        "value": "2b0601060301010501",
        "interpreted": "2b0601060301010501"
      }
    ]
  },
  "hex": "304302010104067075626c6963a736020100020100020100302b301006082b06010201010300430430763b803017060a2b06010603010104010006092b0601060301010501"
}

{
  "id": 1,
  "timestamp": "2025-08-04T12:45:54.507Z",
  "sender": "200.10.4.74",
  "port": 3366,
  "trapInfo": {
    "version": 1,
    "community": "public",
    "pduType": 167,
    "varbinds": [
      {
        "oid": "1.3.6.1.2.1.1.3.0",
        "value": "307f9414"
      },
      {
        "oid": "1.3.6.1.6.3.1.1.4.1.0",
        "value": "2b0601060301010501"
      }
    ]
  },
  "alert": {
    "alertType": "UNKNOWN",
    "severity": "INFO",
    "description": "✅ No-break status OK - trap genérico recebido sem alertas",
    "details": [
      {
        "oid": "1.3.6.1.2.1.1.3.0",
        "name": "1.3.6.1.2.1.1.3.0",
        "value": "307f9414",
        "interpreted": "307f9414"
      },
      {
        "oid": "1.3.6.1.6.3.1.1.4.1.0",
        "name": "1.3.6.1.6.3.1.1.4.1.0",
        "value": "2b0601060301010501",
        "interpreted": "2b0601060301010501"
      }
    ]
  },
  "hex": "304302010104067075626c6963a736020100020100020100302b301006082b060102010103004304307f94143017060a2b06010603010104010006092b0601060301010501"
}

{
  "id": 2,
  "timestamp": "2025-08-04T12:48:07.345Z",
  "sender": "200.10.4.74",
  "port": 3366,
  "trapInfo": {
    "version": 1,
    "community": "public",
    "pduType": 166,
    "varbinds": [
      {
        "oid": "1.3.6.1.2.1.1.3.0",
        "value": "307fc808"
      },
      {
        "oid": "1.3.6.1.6.3.1.1.4.1.0",
        "value": "2b0601060301010501"
      }
    ]
  },
  "alert": {
    "alertType": "UNKNOWN",
    "severity": "INFO",
    "description": "✅ No-break status OK - trap genérico recebido sem alertas",
    "details": [
      {
        "oid": "1.3.6.1.2.1.1.3.0",
        "name": "1.3.6.1.2.1.1.3.0",
        "value": "307fc808",
        "interpreted": "307fc808"
      },
      {
        "oid": "1.3.6.1.6.3.1.1.4.1.0",
        "name": "1.3.6.1.6.3.1.1.4.1.0",
        "value": "2b0601060301010501",
        "interpreted": "2b0601060301010501"
      }
    ]
  },
  "hex": "304302010104067075626c6963a636020100020100020100302b301006082b060102010103004304307fc8083017060a2b06010603010104010006092b0601060301010501"
}

{
  "id": 3,
  "timestamp": "2025-08-04T12:48:12.343Z",
  "sender": "200.10.4.74",
  "port": 3366,
  "trapInfo": {
    "version": 1,
    "community": "public",
    "pduType": 166,
    "varbinds": [
      {
        "oid": "1.3.6.1.2.1.1.3.0",
        "value": "307fc808"
      },
      {
        "oid": "1.3.6.1.6.3.1.1.4.1.0",
        "value": "2b0601060301010501"
      }
    ]
  },
  "alert": {
    "alertType": "UNKNOWN",
    "severity": "INFO",
    "description": "✅ No-break status OK - trap genérico recebido sem alertas",
    "details": [
      {
        "oid": "1.3.6.1.2.1.1.3.0",
        "name": "1.3.6.1.2.1.1.3.0",
        "value": "307fc808",
        "interpreted": "307fc808"
      },
      {
        "oid": "1.3.6.1.6.3.1.1.4.1.0",
        "name": "1.3.6.1.6.3.1.1.4.1.0",
        "value": "2b0601060301010501",
        "interpreted": "2b0601060301010501"
      }
    ]
  },
  "hex": "304302010104067075626c6963a636020100020100020100302b301006082b060102010103004304307fc8083017060a2b06010603010104010006092b0601060301010501"
}

{
  "id": 4,
  "timestamp": "2025-08-04T12:48:17.342Z",
  "sender": "200.10.4.74",
  "port": 3366,
  "trapInfo": {
    "version": 1,
    "community": "public",
    "pduType": 166,
    "varbinds": [
      {
        "oid": "1.3.6.1.2.1.1.3.0",
        "value": "307fc808"
      },
      {
        "oid": "1.3.6.1.6.3.1.1.4.1.0",
        "value": "2b0601060301010501"
      }
    ]
  },
  "alert": {
    "alertType": "UNKNOWN",
    "severity": "INFO",
    "description": "✅ No-break status OK - trap genérico recebido sem alertas",
    "details": [
      {
        "oid": "1.3.6.1.2.1.1.3.0",
        "name": "1.3.6.1.2.1.1.3.0",
        "value": "307fc808",
        "interpreted": "307fc808"
      },
      {
        "oid": "1.3.6.1.6.3.1.1.4.1.0",
        "name": "1.3.6.1.6.3.1.1.4.1.0",
        "value": "2b0601060301010501",
        "interpreted": "2b0601060301010501"
      }
    ]
  },
  "hex": "304302010104067075626c6963a636020100020100020100302b301006082b060102010103004304307fc8083017060a2b06010603010104010006092b0601060301010501"
}

{
  "id": 5,
  "timestamp": "2025-08-04T12:52:11.158Z",
  "sender": "200.10.4.74",
  "port": 3366,
  "trapInfo": {
    "version": 1,
    "community": "public",
    "pduType": 167,
    "varbinds": [
      {
        "oid": "1.3.6.1.2.1.1.3.0",
        "value": "308026f4"
      },
      {
        "oid": "1.3.6.1.6.3.1.1.4.1.0",
        "value": "2b0601060301010501"
      }
    ]
  },
  "alert": {
    "alertType": "UNKNOWN",
    "severity": "INFO",
    "description": "✅ No-break status OK - trap genérico recebido sem alertas",
    "details": [
      {
        "oid": "1.3.6.1.2.1.1.3.0",
        "name": "1.3.6.1.2.1.1.3.0",
        "value": "308026f4",
        "interpreted": "308026f4"
      },
      {
        "oid": "1.3.6.1.6.3.1.1.4.1.0",
        "name": "1.3.6.1.6.3.1.1.4.1.0",
        "value": "2b0601060301010501",
        "interpreted": "2b0601060301010501"
      }
    ]
  },
  "hex": "304302010104067075626c6963a736020100020100020100302b301006082b060102010103004304308026f43017060a2b06010603010104010006092b0601060301010501"
}

{
  "id": 6,
  "timestamp": "2025-08-04T17:07:21.972Z",
  "sender": "200.10.4.74",
  "port": 3366,
  "trapInfo": {
    "version": 1,
    "community": "public",
    "pduType": 167,
    "varbinds": [
      {
        "oid": "1.3.6.1.2.1.1.3.0",
        "value": "30978434"
      },
      {
        "oid": "1.3.6.1.6.3.1.1.4.1.0",
        "value": "2b0601060301010501"
      }
    ]
  },
  "alert": {
    "alertType": "UNKNOWN",
    "severity": "INFO",
    "description": "✅ No-break status OK - trap genérico recebido sem alertas",
    "details": [
      {
        "oid": "1.3.6.1.2.1.1.3.0",
        "name": "1.3.6.1.2.1.1.3.0",
        "value": "30978434",
        "interpreted": "30978434"
      },
      {
        "oid": "1.3.6.1.6.3.1.1.4.1.0",
        "name": "1.3.6.1.6.3.1.1.4.1.0",
        "value": "2b0601060301010501",
        "interpreted": "2b0601060301010501"
      }
    ]
  },
  "hex": "304302010104067075626c6963a736020100020100020100302b301006082b060102010103004304309784343017060a2b06010603010104010006092b0601060301010501"
}

{
  "id": 1,
  "timestamp": "2025-08-07T12:56:07.836Z",
  "sender": "200.10.4.74",
  "port": 1026,
  "trapInfo": {
    "version": 1,
    "community": "public",
    "pduType": 167,
    "varbinds": [
      {
        "oid": "1.3.6.1.2.1.1.3.0",
        "value": "320c0718"
      },
      {
        "oid": "1.3.6.1.6.3.1.1.4.1.0",
        "value": "2b0601060301010501"
      }
    ]
  },
  "alert": {
    "alertType": "UNKNOWN",
    "severity": "INFO",
    "description": "✅ No-break status OK - trap genérico recebido sem alertas",
    "details": [
      {
        "oid": "1.3.6.1.2.1.1.3.0",
        "name": "1.3.6.1.2.1.1.3.0",
        "value": "320c0718",
        "interpreted": "320c0718"
      },
      {
        "oid": "1.3.6.1.6.3.1.1.4.1.0",
        "name": "1.3.6.1.6.3.1.1.4.1.0",
        "value": "2b0601060301010501",
        "interpreted": "2b0601060301010501"
      }
    ]
  },
  "hex": "304302010104067075626c6963a736020100020100020100302b301006082b060102010103004304320c07183017060a2b06010603010104010006092b0601060301010501"
}

{
  "id": 1,
  "timestamp": "2025-08-07T13:45:02.682Z",
  "sender": "200.10.4.74",
  "port": 1026,
  "trapInfo": {
    "version": 1,
    "community": "public",
    "pduType": 167,
    "varbinds": [
      {
        "oid": "1.3.6.1.2.1.1.3.0",
        "value": "32108194"
      },
      {
        "oid": "1.3.6.1.6.3.1.1.4.1.0",
        "value": "2b0601060301010501"
      }
    ]
  },
  "alert": {
    "alertType": "UNKNOWN",
    "severity": "INFO",
    "description": "✅ No-break status OK - trap genérico recebido sem alertas",
    "details": [
      {
        "oid": "1.3.6.1.2.1.1.3.0",
        "name": "1.3.6.1.2.1.1.3.0",
        "value": "32108194",
        "interpreted": "32108194"
      },
      {
        "oid": "1.3.6.1.6.3.1.1.4.1.0",
        "name": "1.3.6.1.6.3.1.1.4.1.0",
        "value": "2b0601060301010501",
        "interpreted": "2b0601060301010501"
      }
    ]
  },
  "hex": "304302010104067075626c6963a736020100020100020100302b301006082b060102010103004304321081943017060a2b06010603010104010006092b0601060301010501"
}

